21:47:36.926 [restartedMain] INFO  c.g.GyjiotApplication - [logStarting,55] - Starting GyjiotApplication using Java 11.0.29 on cc-virtual-machine with PID 8445 (/var/ctt_wkplace/smart-iot/gyj-iot-boot/gyjiot-admin/target/classes started by cc in /var/ctt_wkplace/smart-iot)
21:47:36.933 [restartedMain] INFO  c.g.GyjiotApplication - [logStartupProfileInfo,686] - The following 1 profile is active: "dev"
21:47:36.940 [background-preinit] INFO  o.h.v.i.util.Version - [<clinit>,21] - HV000001: Hibernate Validator 6.2.5.Final
22:15:04.230 [background-preinit] INFO  o.h.v.i.util.Version - [<clinit>,21] - HV000001: Hibernate Validator 6.2.5.Final
22:15:04.252 [restartedMain] INFO  c.g.GyjiotApplication - [logStarting,55] - Starting GyjiotApplication using Java 11.0.29 on cc-virtual-machine with PID 15542 (/var/ctt_wkplace/smart-iot/gyj-iot-boot/gyjiot-admin/target/classes started by cc in /var/ctt_wkplace/smart-iot)
22:15:04.254 [restartedMain] INFO  c.g.GyjiotApplication - [logStartupProfileInfo,686] - The following 1 profile is active: "dev"
22:15:09.709 [restartedMain] INFO  c.y.l.u.LOGOPrinter - [info,186] - 
================================================================================================
		 _     ___ _____ _____      _____ _     _____        __
		| |   |_ _|_   _| ____|    |  ___| |   / _ \ \      / /
		| |    | |  | | |  _| _____| |_  | |  | | | \ \ /\ / / 
		| |___ | |  | | | |__|_____|  _| | |__| |_| |\ V  V /  
		|_____|___| |_| |_____|    |_|   |_____\___/  \_/\_/   

		Version: 2.12.2
		Make your code amazing.
		website：https://liteflow.cc
		wechat：bryan_31
================================================================================================

22:15:10.507 [restartedMain] INFO  o.a.c.h.Http11NioProtocol - [log,173] - Initializing ProtocolHandler ["http-nio-8080"]
22:15:10.519 [restartedMain] INFO  o.a.c.c.StandardService - [log,173] - Starting service [Tomcat]
22:15:10.526 [restartedMain] INFO  o.a.c.c.StandardEngine - [log,173] - Starting Servlet engine: [Apache Tomcat/9.0.102]
22:15:10.751 [restartedMain] INFO  o.a.c.c.C.[.[.[/] - [log,173] - Initializing Spring embedded WebApplicationContext
22:15:12.553 [restartedMain] INFO  c.b.d.d.DynamicRoutingDataSource - [addDataSource,158] - dynamic-datasource - add a datasource named [master] success
22:15:12.555 [restartedMain] INFO  c.b.d.d.DynamicRoutingDataSource - [afterPropertiesSet,241] - dynamic-datasource initial loaded [1] datasource,primary datasource named [master]
22:15:14.382 [restartedMain] INFO  c.a.d.p.DruidDataSource - [init,1002] - {dataSource-1,master} inited
22:15:18.344 [restartedMain] INFO  o.q.i.StdSchedulerFactory - [instantiate,1220] - Using default implementation for ThreadExecutor
22:15:18.370 [restartedMain] INFO  o.q.c.SchedulerSignalerImpl - [<init>,61] - Initialized Scheduler Signaller of type: class org.quartz.core.SchedulerSignalerImpl
22:15:18.371 [restartedMain] INFO  o.q.c.QuartzScheduler - [<init>,229] - Quartz Scheduler v.2.3.2 created.
22:15:18.373 [restartedMain] INFO  o.q.s.RAMJobStore - [initialize,155] - RAMJobStore initialized.
22:15:18.374 [restartedMain] INFO  o.q.c.QuartzScheduler - [initialize,294] - Scheduler meta-data: Quartz Scheduler (v2.3.2) 'quartzScheduler' with instanceId 'NON_CLUSTERED'
  Scheduler class: 'org.quartz.core.QuartzScheduler' - running locally.
  NOT STARTED.
  Currently in standby mode.
  Number of jobs executed: 0
  Using thread pool 'org.quartz.simpl.SimpleThreadPool' - with 10 threads.
  Using job-store 'org.quartz.simpl.RAMJobStore' - which does not support persistence. and is not clustered.

22:15:18.374 [restartedMain] INFO  o.q.i.StdSchedulerFactory - [instantiate,1374] - Quartz scheduler 'quartzScheduler' initialized from an externally provided properties instance.
22:15:18.375 [restartedMain] INFO  o.q.i.StdSchedulerFactory - [instantiate,1378] - Quartz scheduler version: 2.3.2
22:15:18.375 [restartedMain] INFO  o.q.c.QuartzScheduler - [setJobFactory,2293] - JobFactory set to: org.springframework.scheduling.quartz.SpringBeanJobFactory@722c82d
22:15:24.561 [restartedMain] INFO  c.g.s.s.SipLayer - [startUdpListener,80] - startUdpListener
22:15:24.586 [restartedMain] INFO  c.g.s.s.SipLayer - [startUdpListener,84] - Sip Server UDP 启动成功 port 35060
22:15:26.274 [restartedMain] INFO  c.g.server.Server - [start,52] - =>服务:MQTT-BROKER,在端口:1883,启动成功！
22:15:26.277 [restartedMain] INFO  c.g.server.Server - [start,52] - =>服务:WEBSOCKET-SERVER,在端口:8083,启动成功！
22:15:33.263 [restartedMain] INFO  c.y.l.c.FlowExecutor - [info,193] - flow info loaded from class config with el,class=com.yomahub.liteflow.parser.sql.SQLXmlELParser
22:15:33.322 [restartedMain] INFO  c.y.l.p.s.r.AbstractSqlRead - [info,186] - query sql: SELECT * FROM iot_scene WHERE application_name='gyjiot'
22:15:33.333 [restartedMain] INFO  c.y.l.p.s.u.LiteFlowJdbcUtil - [getConn,43] - use dataSourceName[dataSource],has found liteflow config
22:15:33.355 [restartedMain] INFO  c.y.l.p.s.u.LiteFlowJdbcUtil - [getConn,43] - use dataSourceName[dataSource],has found liteflow config
22:15:33.366 [restartedMain] INFO  c.y.l.p.s.r.AbstractSqlRead - [info,186] - query sql: SELECT * FROM iot_script WHERE application_name='gyjiot'
22:15:33.369 [restartedMain] INFO  c.y.l.p.s.u.LiteFlowJdbcUtil - [getConn,43] - use dataSourceName[dataSource],has found liteflow config
22:15:33.445 [restartedMain] INFO  c.y.l.c.ScriptCommonComponent - [info,193] - load script for component[D1782337038486474752(消息转发规则)]
22:15:34.405 [restartedMain] INFO  o.a.c.h.Http11NioProtocol - [log,173] - Starting ProtocolHandler ["http-nio-8080"]
22:15:35.706 [restartedMain] INFO  o.q.c.QuartzScheduler - [start,547] - Scheduler quartzScheduler_$_NON_CLUSTERED started.
22:15:35.752 [restartedMain] INFO  c.g.GyjiotApplication - [logStarted,61] - Started GyjiotApplication in 32.311 seconds (JVM running for 33.189)
22:15:36.053 [MQTT-BROKER-6-1] INFO  c.g.m.a.AuthService - [auth,58] - -----------服务端mqtt认证成功,clientId:server-1764731735789---------------
22:15:36.072 [MQTT Call: server-1764731735789] INFO  c.g.m.PubMqttCallBack - [connectComplete,97] - MQTT内部客户端已经连接!
22:15:55.824 [restartedMain] INFO  c.g.g.b.s.StartBoot - [run,40] - =>设备监听队列启动成功
22:16:19.809 [SpringApplicationShutdownHook] INFO  o.q.c.QuartzScheduler - [standby,585] - Scheduler quartzScheduler_$_NON_CLUSTERED paused.
22:16:20.012 [SpringApplicationShutdownHook] INFO  o.q.c.QuartzScheduler - [shutdown,666] - Scheduler quartzScheduler_$_NON_CLUSTERED shutting down.
22:16:20.014 [SpringApplicationShutdownHook] INFO  o.q.c.QuartzScheduler - [standby,585] - Scheduler quartzScheduler_$_NON_CLUSTERED paused.
22:16:20.018 [SpringApplicationShutdownHook] INFO  o.q.c.QuartzScheduler - [shutdown,740] - Scheduler quartzScheduler_$_NON_CLUSTERED shutdown complete.
22:16:20.018 [SpringApplicationShutdownHook] INFO  sys-user - [shutdownAsyncManager,31] - ====关闭后台任务任务线程池====
22:16:20.037 [SpringApplicationShutdownHook] INFO  c.b.d.d.DynamicRoutingDataSource - [destroy,215] - dynamic-datasource start closing ....
22:16:20.040 [SpringApplicationShutdownHook] INFO  c.a.d.p.DruidDataSource - [close,2204] - {dataSource-1} closing ...
22:16:20.057 [SpringApplicationShutdownHook] INFO  c.a.d.p.DruidDataSource - [close,2277] - {dataSource-1} closed
22:16:20.058 [SpringApplicationShutdownHook] INFO  c.b.d.d.d.DefaultDataSourceDestroyer - [destroy,98] - dynamic-datasource close the datasource named [master] success,
22:16:20.059 [SpringApplicationShutdownHook] INFO  c.b.d.d.DynamicRoutingDataSource - [destroy,219] - dynamic-datasource all closed success,bye
